<?xml version="1.0" encoding="UTF-8"?>
<!-- Generated by org.testng.reporters.JUnitReportReporter -->
<testsuite hostname="DESKTOP-6BC599G" failures="0" tests="4" name="httpMethods.HttpRequestsClass" time="4.750" errors="0" timestamp="2024-12-08T20:45:04 IST" skipped="0">
  <testcase classname="httpMethods.HttpRequestsClass" name="getUsers" time="3.179"/>
  <testcase classname="httpMethods.HttpRequestsClass" name="createUser" time="0.796"/>
  <testcase classname="httpMethods.HttpRequestsClass" name="updateUser" time="0.367"/>
  <testcase classname="httpMethods.HttpRequestsClass" name="deleteUser" time="0.408"/>
</testsuite> <!-- httpMethods.HttpRequestsClass -->
